<?xml version="1.0" encoding="UTF-8"?>
<!-- Generated by org.testng.reporters.JUnitReportReporter -->
<testsuite hostname="Adhinash-3MDQMOU0" failures="0" tests="1" name="TestingScripts.AssertTrueFalseTest" time="8.396" errors="0" timestamp="2024-05-01T16:17:34 IST" skipped="0">
  <testcase classname="TestingScripts.AssertTrueFalseTest" name="books_001" time="8.396"/>
</testsuite> <!-- TestingScripts.AssertTrueFalseTest -->
