<?xml version="1.0" encoding="UTF-8"?>
<!-- Generated by org.testng.reporters.JUnitReportReporter -->
<testsuite hostname="Adhinash-3MDQMOU0" failures="0" tests="1" name="StylespaFurnitureTest.PlaceOrderTest" time="85.654" errors="0" timestamp="2024-04-29T23:32:33 IST" skipped="0">
  <testcase classname="StylespaFurnitureTest.PlaceOrderTest" name="Login" time="85.654"/>
</testsuite> <!-- StylespaFurnitureTest.PlaceOrderTest -->
