<?xml version="1.0" encoding="UTF-8"?>
<!-- Generated by org.testng.reporters.JUnitReportReporter -->
<testsuite hostname="Adhinash-3MDQMOU0" failures="0" tests="5" name="TestingScripts.ElectronicsTest" time="16.727" errors="0" timestamp="2024-04-30T16:06:39 IST" skipped="0">
  <testcase classname="TestingScripts.ElectronicsTest" name="Register" time="3.960"/>
  <testcase classname="TestingScripts.ElectronicsTest" name="Login" time="2.222"/>
  <testcase classname="TestingScripts.ElectronicsTest" name="AddToCart" time="2.837"/>
  <testcase classname="TestingScripts.ElectronicsTest" name="Payment" time="2.962"/>
  <testcase classname="TestingScripts.ElectronicsTest" name="ConfirmOrder" time="4.746"/>
</testsuite> <!-- TestingScripts.ElectronicsTest -->
