<?xml version="1.0" encoding="UTF-8"?>
<!-- Generated by org.testng.reporters.JUnitReportReporter -->
<testsuite hostname="Adhinash-3MDQMOU0" failures="0" tests="1" name="StylespaFurnitureTest.LoginTest" time="27.026" errors="0" timestamp="2024-04-29T15:37:21 IST" skipped="0">
  <testcase classname="StylespaFurnitureTest.LoginTest" name="Login" time="27.026"/>
</testsuite> <!-- StylespaFurnitureTest.LoginTest -->
