<?xml version="1.0" encoding="UTF-8"?>
<!-- Generated by org.testng.reporters.JUnitReportReporter -->
<testsuite hostname="Adhinash-3MDQMOU0" failures="0" tests="1" name="StylespaFurnitureTest.PromotionalCodeTest" time="50.355" errors="0" timestamp="2024-04-30T14:58:27 IST" skipped="0">
  <testcase classname="StylespaFurnitureTest.PromotionalCodeTest" name="PromotionalCode" time="50.355"/>
</testsuite> <!-- StylespaFurnitureTest.PromotionalCodeTest -->
