<?xml version="1.0" encoding="UTF-8"?>
<!-- Generated by org.testng.reporters.JUnitReportReporter -->
<testsuite hostname="Adhinash-3MDQMOU0" failures="0" tests="1" name="StylespaFurnitureTest.AddToCartTest" time="38.683" errors="0" timestamp="2024-04-30T00:21:45 IST" skipped="0">
  <testcase classname="StylespaFurnitureTest.AddToCartTest" name="AddToCart" time="38.683"/>
</testsuite> <!-- StylespaFurnitureTest.AddToCartTest -->
