<?xml version="1.0" encoding="UTF-8"?>
<!-- Generated by org.testng.reporters.JUnitReportReporter -->
<testsuite hostname="Adhinash-3MDQMOU0" failures="0" tests="1" name="StylespaFurnitureTest.WishlistTest" time="46.916" errors="0" timestamp="2024-04-29T23:52:55 IST" skipped="0">
  <testcase classname="StylespaFurnitureTest.WishlistTest" name="Wishlist" time="46.916"/>
</testsuite> <!-- StylespaFurnitureTest.WishlistTest -->
