<?xml version="1.0" encoding="UTF-8"?>
<!-- Generated by org.testng.reporters.JUnitReportReporter -->
<testsuite hostname="Adhinash-3MDQMOU0" failures="0" tests="2" name="TestingScripts.RegisterTest" time="36.134" errors="0" timestamp="2024-04-30T16:06:39 IST" skipped="0">
  <testcase classname="TestingScripts.RegisterTest" name="register_test001" time="4.409"/>
  <testcase classname="TestingScripts.RegisterTest" name="register_test002" time="31.725"/>
</testsuite> <!-- TestingScripts.RegisterTest -->
