<?xml version="1.0" encoding="UTF-8"?>
<!-- Generated by org.testng.reporters.JUnitReportReporter -->
<testsuite hostname="Adhinash-3MDQMOU0" failures="0" tests="10" name="TestingScripts.InvocationCount" time="33.465" errors="0" timestamp="2024-04-30T16:06:39 IST" skipped="0">
  <testcase classname="TestingScripts.InvocationCount" name="Register" time="2.410"/>
  <testcase classname="TestingScripts.InvocationCount" name="Payment" time="2.915"/>
  <testcase classname="TestingScripts.InvocationCount" name="Register" time="2.379"/>
  <testcase classname="TestingScripts.InvocationCount" name="Register" time="4.522"/>
  <testcase classname="TestingScripts.InvocationCount" name="Register" time="2.596"/>
  <testcase classname="TestingScripts.InvocationCount" name="ConfirmOrder" time="2.165"/>
  <testcase classname="TestingScripts.InvocationCount" name="Register" time="4.738"/>
  <testcase classname="TestingScripts.InvocationCount" name="Register" time="4.707"/>
  <testcase classname="TestingScripts.InvocationCount" name="Login" time="2.999"/>
  <testcase classname="TestingScripts.InvocationCount" name="AddToCart" time="4.034"/>
</testsuite> <!-- TestingScripts.InvocationCount -->
